unityLibrary/build/intermediates/manifest_merge_blame_file/debug/processDebugManifest/manifest-merger-blame-debug-report.txt
1<?xml version="1.0" encoding="utf-8"?>
2<manifest xmlns:android="http://schemas.android.com/apk/res/android"
3    xmlns:tools="http://schemas.android.com/tools"
4    package="com.unity3d.player" >
5
6    <uses-sdk android:minSdkVersion="29" />
7
8    <supports-gl-texture android:name="GL_KHR_texture_compression_astc_ldr" />
8-->src/main/AndroidManifest.xml:3:3-77
8-->src/main/AndroidManifest.xml:3:24-74
9
10    <uses-permission android:name="android.permission.INTERNET" />
10-->src/main/AndroidManifest.xml:4:3-65
10-->src/main/AndroidManifest.xml:4:20-62
11    <uses-permission android:name="android.permission.CAMERA" />
11-->src/main/AndroidManifest.xml:5:3-63
11-->src/main/AndroidManifest.xml:5:20-60
12
13    <uses-feature android:glEsVersion="0x00030000" />
13-->src/main/AndroidManifest.xml:6:3-52
13-->src/main/AndroidManifest.xml:6:17-49
14    <uses-feature
14-->src/main/AndroidManifest.xml:7:3-83
15        android:name="android.hardware.camera"
15-->src/main/AndroidManifest.xml:7:17-55
16        android:required="false" />
16-->src/main/AndroidManifest.xml:7:56-80
17    <uses-feature
17-->src/main/AndroidManifest.xml:8:3-93
18        android:name="android.hardware.camera.autofocus"
18-->src/main/AndroidManifest.xml:8:17-65
19        android:required="false" />
19-->src/main/AndroidManifest.xml:8:66-90
20    <uses-feature
20-->src/main/AndroidManifest.xml:9:3-89
21        android:name="android.hardware.camera.front"
21-->src/main/AndroidManifest.xml:9:17-61
22        android:required="false" />
22-->src/main/AndroidManifest.xml:9:62-86
23    <uses-feature
23-->src/main/AndroidManifest.xml:10:3-88
24        android:name="android.hardware.touchscreen"
24-->src/main/AndroidManifest.xml:10:17-60
25        android:required="false" />
25-->src/main/AndroidManifest.xml:10:61-85
26    <uses-feature
26-->src/main/AndroidManifest.xml:11:3-99
27        android:name="android.hardware.touchscreen.multitouch"
27-->src/main/AndroidManifest.xml:11:17-71
28        android:required="false" />
28-->src/main/AndroidManifest.xml:11:72-96
29    <uses-feature
29-->src/main/AndroidManifest.xml:12:3-108
30        android:name="android.hardware.touchscreen.multitouch.distinct"
30-->src/main/AndroidManifest.xml:12:17-80
31        android:required="false" />
31-->src/main/AndroidManifest.xml:12:81-105
32
33    <application
33-->src/main/AndroidManifest.xml:13:3-30:17
34        android:enableOnBackInvokedCallback="true"
34-->src/main/AndroidManifest.xml:13:16-58
35        android:extractNativeLibs="true" >
35-->src/main/AndroidManifest.xml:13:59-91
36        <meta-data
36-->src/main/AndroidManifest.xml:14:5-69
37            android:name="unity.splash-mode"
37-->src/main/AndroidManifest.xml:14:16-48
38            android:value="0" />
38-->src/main/AndroidManifest.xml:14:49-66
39        <meta-data
39-->src/main/AndroidManifest.xml:15:5-74
40            android:name="unity.splash-enable"
40-->src/main/AndroidManifest.xml:15:16-50
41            android:value="True" />
41-->src/main/AndroidManifest.xml:15:51-71
42        <meta-data
42-->src/main/AndroidManifest.xml:16:5-78
43            android:name="unity.launch-fullscreen"
43-->src/main/AndroidManifest.xml:16:16-54
44            android:value="True" />
44-->src/main/AndroidManifest.xml:16:55-75
45        <meta-data
45-->src/main/AndroidManifest.xml:17:5-84
46            android:name="unity.render-outside-safearea"
46-->src/main/AndroidManifest.xml:17:16-60
47            android:value="True" />
47-->src/main/AndroidManifest.xml:17:61-81
48        <meta-data
48-->src/main/AndroidManifest.xml:18:5-81
49            android:name="notch.config"
49-->src/main/AndroidManifest.xml:18:16-43
50            android:value="portrait|landscape" />
50-->src/main/AndroidManifest.xml:18:44-78
51        <meta-data
51-->src/main/AndroidManifest.xml:19:5-84
52            android:name="unity.auto-report-fully-drawn"
52-->src/main/AndroidManifest.xml:19:16-60
53            android:value="true" />
53-->src/main/AndroidManifest.xml:19:61-81
54        <meta-data
54-->src/main/AndroidManifest.xml:20:5-78
55            android:name="unity.strip-engine-code"
55-->src/main/AndroidManifest.xml:20:16-54
56            android:value="true" />
56-->src/main/AndroidManifest.xml:20:55-75
57        <meta-data
57-->src/main/AndroidManifest.xml:21:5-80
58            android:name="unity.auto-set-game-state"
58-->src/main/AndroidManifest.xml:21:16-56
59            android:value="true" />
59-->src/main/AndroidManifest.xml:21:57-77
60
61        <activity
61-->src/main/AndroidManifest.xml:22:5-29:16
62            android:name="com.unity3d.player.UnityPlayerActivity"
62-->src/main/AndroidManifest.xml:22:312-365
63            android:configChanges="mcc|mnc|locale|touchscreen|keyboard|keyboardHidden|navigation|orientation|screenLayout|uiMode|screenSize|smallestScreenSize|fontScale|layoutDirection|density"
63-->src/main/AndroidManifest.xml:22:15-196
64            android:enabled="true"
64-->src/main/AndroidManifest.xml:22:197-219
65            android:exported="true"
65-->src/main/AndroidManifest.xml:22:220-243
66            android:hardwareAccelerated="false"
66-->src/main/AndroidManifest.xml:22:244-279
67            android:launchMode="singleTask"
67-->src/main/AndroidManifest.xml:22:280-311
68            android:resizeableActivity="true"
68-->src/main/AndroidManifest.xml:22:366-399
69            android:screenOrientation="fullUser"
69-->src/main/AndroidManifest.xml:22:400-436
70            android:theme="@style/UnityThemeSelector" >
70-->src/main/AndroidManifest.xml:22:437-478
71            <meta-data
71-->src/main/AndroidManifest.xml:24:7-82
72                android:name="unityplayer.UnityActivity"
72-->src/main/AndroidManifest.xml:24:18-58
73                android:value="true" />
73-->src/main/AndroidManifest.xml:24:59-79
74            <meta-data
74-->src/main/AndroidManifest.xml:25:7-130
75                android:name="WindowManagerPreference:FreeformWindowSize"
75-->src/main/AndroidManifest.xml:25:18-75
76                android:value="@string/FreeformWindowSize_maximize" />
76-->src/main/AndroidManifest.xml:25:76-127
77            <meta-data
77-->src/main/AndroidManifest.xml:26:7-145
78                android:name="WindowManagerPreference:FreeformWindowOrientation"
78-->src/main/AndroidManifest.xml:26:18-82
79                android:value="@string/FreeformWindowOrientation_landscape" />
79-->src/main/AndroidManifest.xml:26:83-142
80            <meta-data
80-->src/main/AndroidManifest.xml:27:7-70
81                android:name="notch_support"
81-->src/main/AndroidManifest.xml:27:18-46
82                android:value="true" />
82-->src/main/AndroidManifest.xml:27:47-67
83
84            <layout
84-->src/main/AndroidManifest.xml:28:7-68
85                android:minHeight="300px"
85-->src/main/AndroidManifest.xml:28:15-40
86                android:minWidth="400px" />
86-->src/main/AndroidManifest.xml:28:41-65
87        </activity>
88    </application>
89
90</manifest>